{"numFailedTestSuites":0,"numFailedTests":0,"numPassedTestSuites":1,"numPassedTests":2,"numPendingTestSuites":0,"numPendingTests":0,"numRuntimeErrorTestSuites":0,"numTodoTests":0,"numTotalTestSuites":1,"numTotalTests":2,"openHandles":[],"snapshot":{"added":0,"didUpdate":false,"failure":false,"filesAdded":0,"filesRemoved":0,"filesRemovedList":[],"filesUnmatched":0,"filesUpdated":0,"matched":0,"total":0,"unchecked":0,"uncheckedKeysByFile":[],"unmatched":0,"updated":0},"startTime":1631545178725,"success":true,"testResults":[{"assertionResults":[{"ancestorTitles":["Positive Test - Post"],"failureMessages":[],"fullName":"Positive Test - Post As user, i can Post","location":null,"status":"passed","title":"As user, i can Post"},{"ancestorTitles":["Positive Test - Get"],"failureMessages":[],"fullName":"Positive Test - Get As user, i can Get","location":null,"status":"passed","title":"As user, i can Get"}],"endTime":1631545182892,"message":"","name":"/home/sarah/Documents/bl-1/__tests__/post.js","startTime":1631545178788,"status":"passed","summary":""}],"wasInterrupted":false,"config":{"bail":0,"changedFilesWithAncestor":false,"collectCoverage":false,"collectCoverageFrom":[],"coverageDirectory":"/home/sarah/Documents/bl-1/coverage","coverageProvider":"babel","coverageReporters":["json","lcov","clover"],"detectLeaks":false,"detectOpenHandles":true,"errorOnDeprecated":false,"expand":false,"findRelatedTests":false,"forceExit":true,"json":true,"lastCommit":false,"listTests":false,"logHeapUsage":false,"maxConcurrency":5,"maxWorkers":3,"noStackTrace":false,"nonFlagArgs":["./__tests__/post.js"],"notify":false,"notifyMode":"failure-change","onlyChanged":false,"onlyFailures":false,"outputFile":"jest_html_reporters.json","passWithNoTests":false,"projects":[],"reporters":[["default",{}],["/home/sarah/Documents/bl-1/node_modules/jest-html-reporters/index.js",{}]],"rootDir":"/home/sarah/Documents/bl-1","runTestsByPath":false,"skipFilter":false,"testFailureExitCode":1,"testPathPattern":"./__tests__/post.js","testSequencer":"/home/sarah/Documents/bl-1/node_modules/@jest/test-sequencer/build/index.js","updateSnapshot":"new","useStderr":true,"verbose":true,"watch":false,"watchAll":false,"watchman":true},"endTime":1631545182902,"_reporterOptions":{"publicPath":"/home/sarah/Documents/bl-1","filename":"jest_html_reporters.html","expand":false,"pageTitle":"","hideIcon":false,"testCommand":"npx jest","openReport":false,"multipleReportsUnitePath":"","failureMessageOnly":false,"enableMergeData":false,"dataMergeLevel":1},"attachInfos":{}}